<?xml version='1.0' encoding='UTF-8'?>
<testsuite hostname="LAPTOP-F0GMDFRG" name="com.qbrainx.demotest.CalculatorTest" tests="7" errors="0" failures="0" skipped="0" time="0.098" timestamp="2022-03-25T10:19:14">
          <properties>
      <property name="java.specification.version" value="16"/><property name="sun.cpu.isalist" value="amd64"/><property name="sun.jnu.encoding" value="Cp1252"/><property name="sun.arch.data.model" value="64"/><property name="java.vendor.url" value="https://adoptium.net/"/><property name="sun.boot.library.path" value="C:\Program Files\Eclipse Foundation\jdk-16.0.2.7-hotspot\bin"/><property name="sun.java.command" value="xsbt.boot.Boot clean coverage test"/><property name="jdk.debug" value="release"/><property name="sun.stderr.encoding" value="cp437"/><property name="java.specification.vendor" value="Oracle Corporation"/><property name="java.version.date" value="2021-07-20"/><property name="java.home" value="C:\Program Files\Eclipse Foundation\jdk-16.0.2.7-hotspot"/><property name="file.separator" value="\"/><property name="java.vm.compressedOopsMode" value="32-bit"/><property name="line.separator" value="
"/><property name="sun.stdout.encoding" value="cp437"/><property name="java.vm.specification.vendor" value="Oracle Corporation"/><property name="java.specification.name" value="Java Platform API Specification"/><property name="user.script" value=""/><property name="sun.management.compiler" value="HotSpot 64-Bit Tiered Compilers"/><property name="java.runtime.version" value="16.0.2+7"/><property name="user.name" value="Sukum"/><property name="log4j.ignoreTCL" value="true"/><property name="file.encoding" value="UTF-8"/><property name="jnidispatch.path" value="C:\Users\Sukum\AppData\Local\Temp\jna-80244353\jna15427501747957907924.dll"/><property name="java.vendor.version" value="Temurin-16.0.2+7"/><property name="jna.loaded" value="true"/><property name="java.io.tmpdir" value="C:\Users\Sukum\AppData\Local\Temp\"/><property name="java.version" value="16.0.2"/><property name="java.vm.specification.name" value="Java Virtual Machine Specification"/><property name="sun.os.patch.level" value=""/><property name="java.library.path" value="C:\Program Files\Eclipse Foundation\jdk-16.0.2.7-hotspot\bin;C:\WINDOWS\Sun\Java\bin;C:\WINDOWS\system32;C:\WINDOWS;C:\Program Files\Eclipse Foundation\jdk-16.0.2.7-hotspot\bin;C:\oraclexe\app\oracle\product\10.2.0\server\bin;C:\Program Files (x86)\Common Files\Oracle\Java\javapath;C:\Program Files\AdoptOpenJDK\jdk-11.0.9.101-hotspot\bin;D:\app\Sukum\product\11.2.0\dbhome_1\bin;C:\WINDOWS\system32;C:\WINDOWS;C:\WINDOWS\System32\Wbem;C:\WINDOWS\System32\WindowsPowerShell\v1.0\;C:\WINDOWS\System32\OpenSSH\;C:\Program Files (x86)\Microsoft SQL Server\100\Tools\Binn\;C:\Program Files\Microsoft SQL Server\100\Tools\Binn\;C:\Program Files\Microsoft SQL Server\100\DTS\Binn\;C:\Program Files\Microsoft SQL Server\130\Tools\Binn\;C:\Program Files (x86)\scala\bin;C:\Program Files (x86)\sbt\bin;C:\Program Files\Git\cmd;C:\Program Files\MySQL\MySQL Shell 8.0\bin\;C:\Users\Sukum\AppData\Local\Microsoft\WindowsApps;C:\Program Files\JetBrains\IntelliJ IDEA Community Edition 2021.2.3\bin;;C:\Users\Sukum\AppData\Local\GitHubDesktop\bin;."/><property name="java.vendor" value="Eclipse Foundation"/><property name="scala.ext.dirs" value="C:\Users\Sukum\.sbt\1.0\java9-rt-ext-eclipse_foundation_16_0_2"/><property name="sun.io.unicode.encoding" value="UnicodeLittle"/><property name="java.class.path" value="C:\Program Files (x86)\sbt\\bin\sbt-launch.jar"/><property name="java.vm.vendor" value="Eclipse Foundation"/><property name="user.variant" value=""/><property name="jline.shutdownhook" value="false"/><property name="user.timezone" value="Asia/Calcutta"/><property name="java.vm.specification.version" value="16"/><property name="os.name" value="Windows 10"/><property name="sun.java.launcher" value="SUN_STANDARD"/><property name="user.country" value="IN"/><property name="sun.cpu.endian" value="little"/><property name="user.home" value="C:\Users\Sukum"/><property name="user.language" value="en"/><property name="swoval.tmpdir" value="C:\Users\Sukum\.sbt\1.0"/><property name="jline.esc.timeout" value="0"/><property name="path.separator" value=";"/><property name="os.version" value="10.0"/><property name="jna.nosys" value="true"/><property name="java.runtime.name" value="OpenJDK Runtime Environment"/><property name="java.vm.name" value="OpenJDK 64-Bit Server VM"/><property name="java.vendor.url.bug" value="https://github.com/adoptium/adoptium-support/issues"/><property name="user.dir" value="D:\scala\scala-test-session-source-code\Task Calculator Qbrainx"/><property name="os.arch" value="amd64"/><property name="java.vm.info" value="mixed mode, sharing"/><property name="java.vm.version" value="16.0.2+7"/><property name="java.class.version" value="60.0"/>
    </properties>
          <testcase classname="com.qbrainx.demotest.CalculatorTest" name="Addition ==== TEST CASE PASSED " time="0.073">
                      
                    </testcase><testcase classname="com.qbrainx.demotest.CalculatorTest" name="Subtraction  ==== TEST CASE PASSED " time="0.004">
                      
                    </testcase><testcase classname="com.qbrainx.demotest.CalculatorTest" name="Multiplication - equals  ==== TEST CASE PASSED " time="0.006">
                      
                    </testcase><testcase classname="com.qbrainx.demotest.CalculatorTest" name="Divide - equals   ==== TEST CASE PASSED " time="0.008">
                      
                    </testcase><testcase classname="com.qbrainx.demotest.CalculatorTest" name="Modulo - equals  ==== TEST CASE PASSED  " time="0.003">
                      
                    </testcase><testcase classname="com.qbrainx.demotest.CalculatorTest" name="Log -equals ==== TEST CASE PASSED" time="0.001">
                      
                    </testcase><testcase classname="com.qbrainx.demotest.CalculatorTest" name="Percentage - equals ====  TEST CASE PASSED" time="0.003">
                      
                    </testcase>
          <system-out><![CDATA[]]></system-out>
          <system-err><![CDATA[]]></system-err>
        </testsuite>